!SESSION 2023-03-24 11:25:57.772 -----------------------------------------------
eclipse.buildId=unknown
java.fullversion=8.0.5.41 - pwa6480sr5fp41-20190919_01(SR5 FP41)
JRE 1.8.0 Windows 10 amd64-64-Bit Compressed References 20190911_427071 (JIT enabled, AOT enabled)
OpenJ9   - d581d49
OMR      - ca4db84
IBM      - 5cfdf9c
BootLoader constants: OS=win32, ARCH=x86_64, WS=win32, NL=fr_FR
Command-line arguments:  -clean -nl fr_FR -configuration C:\Users\benja\Documents\CNAM\RCP105-Modelisation-optimisation-complexite-et-algorithmes\Projet-Optiball\CPLEX\.metadata\workspace_oplrun

!ENTRY ilog.odms.ide.opllang.remote 1 0 2023-03-24 11:25:57.785
!MESSAGE Run Configuration_PL1 in C:/Users/benja/Documents/CNAM/RCP105-Modelisation-optimisation-complexite-et-algorithmes/Projet-Optiball/CPLEX/RCP101_RO_GALLIER_ELABDALAOUI

!ENTRY ilog.odms.ide.opllang.remote 4 0 2023-03-24 11:25:58.254
!MESSAGE load failed
!STACK 1
org.eclipse.core.runtime.CoreException: load failed
	at ilog.odms.ide.opllang.remote.IloOplRunConfigRunner.doSetUpModel(IloOplRunConfigRunner.java:146)
	at ilog.odms.ide.opllang.remote.IloOplRunConfigRunner.doRun(IloOplRunConfigRunner.java:374)
	at ilog.odms.ide.opllang.run.IloAbstractRunShell$2.run(IloAbstractRunShell.java:1596)
	at org.eclipse.core.internal.jobs.Worker.run(Worker.java:56)
Caused by: ilog.concert.IloException: La configuration d'exécution "Configuration_PL1" n'est pas valide.
	at ilog.opl.opl_lang_wrapJNI.IloOplRunConfiguration_getCppOplModel(Native Method)
	at ilog.opl.IloOplRunConfiguration.getCppOplModel(IloOplRunConfiguration.java:226)
	at ilog.opl.IloOplRunConfiguration.getOplModel(IloOplRunConfiguration.java:116)
	at ilog.odms.ide.opllang.remote.IloOplRunConfigRunner.doSetUpModel(IloOplRunConfigRunner.java:140)
	... 3 more
!SUBENTRY 1 ilog.odms.ide.opllang.remote 4 0 2023-03-24 11:25:58.255
!MESSAGE load failed
!STACK 0
ilog.concert.IloException: La configuration d'exécution "Configuration_PL1" n'est pas valide.
	at ilog.opl.opl_lang_wrapJNI.IloOplRunConfiguration_getCppOplModel(Native Method)
	at ilog.opl.IloOplRunConfiguration.getCppOplModel(IloOplRunConfiguration.java:226)
	at ilog.opl.IloOplRunConfiguration.getOplModel(IloOplRunConfiguration.java:116)
	at ilog.odms.ide.opllang.remote.IloOplRunConfigRunner.doSetUpModel(IloOplRunConfigRunner.java:140)
	at ilog.odms.ide.opllang.remote.IloOplRunConfigRunner.doRun(IloOplRunConfigRunner.java:374)
	at ilog.odms.ide.opllang.run.IloAbstractRunShell$2.run(IloAbstractRunShell.java:1596)
	at org.eclipse.core.internal.jobs.Worker.run(Worker.java:56)
!SESSION 2023-03-24 11:26:12.885 -----------------------------------------------
eclipse.buildId=unknown
java.fullversion=8.0.5.41 - pwa6480sr5fp41-20190919_01(SR5 FP41)
JRE 1.8.0 Windows 10 amd64-64-Bit Compressed References 20190911_427071 (JIT enabled, AOT enabled)
OpenJ9   - d581d49
OMR      - ca4db84
IBM      - 5cfdf9c
BootLoader constants: OS=win32, ARCH=x86_64, WS=win32, NL=fr_FR
Command-line arguments:  -clean -nl fr_FR -configuration C:\Users\benja\Documents\CNAM\RCP105-Modelisation-optimisation-complexite-et-algorithmes\Projet-Optiball\CPLEX\.metadata\workspace_oplrun

!ENTRY ilog.odms.ide.opllang.remote 1 0 2023-03-24 11:26:12.892
!MESSAGE Run Configuration_PL1 in C:/Users/benja/Documents/CNAM/RCP105-Modelisation-optimisation-complexite-et-algorithmes/Projet-Optiball/CPLEX/RCP101_RO_GALLIER_ELABDALAOUI
!SESSION 2023-04-18 09:45:09.766 -----------------------------------------------
eclipse.buildId=unknown
java.fullversion=8.0.5.41 - pwa6480sr5fp41-20190919_01(SR5 FP41)
JRE 1.8.0 Windows 10 amd64-64-Bit Compressed References 20190911_427071 (JIT enabled, AOT enabled)
OpenJ9   - d581d49
OMR      - ca4db84
IBM      - 5cfdf9c
BootLoader constants: OS=win32, ARCH=x86_64, WS=win32, NL=fr_FR
Command-line arguments:  -clean -nl fr_FR -configuration C:\Users\benja\Documents\CNAM\RCP105-Modelisation-optimisation-complexite-et-algorithmes\Projet-Optiball\CPLEX\.metadata\workspace_oplrun

!ENTRY ilog.odms.ide.opllang.remote 1 0 2023-04-18 09:45:09.778
!MESSAGE Run Configuration_PL1 in C:/Users/benja/Documents/CNAM/RCP105-Modelisation-optimisation-complexite-et-algorithmes/Projet-Optiball/CPLEX/RCP101_RO_GALLIER_ELABDALAOUI
!SESSION 2023-04-18 09:45:14.952 -----------------------------------------------
eclipse.buildId=unknown
java.fullversion=8.0.5.41 - pwa6480sr5fp41-20190919_01(SR5 FP41)
JRE 1.8.0 Windows 10 amd64-64-Bit Compressed References 20190911_427071 (JIT enabled, AOT enabled)
OpenJ9   - d581d49
OMR      - ca4db84
IBM      - 5cfdf9c
BootLoader constants: OS=win32, ARCH=x86_64, WS=win32, NL=fr_FR
Command-line arguments:  -clean -nl fr_FR -configuration C:\Users\benja\Documents\CNAM\RCP105-Modelisation-optimisation-complexite-et-algorithmes\Projet-Optiball\CPLEX\.metadata\workspace_oplrun

!ENTRY ilog.odms.ide.opllang.remote 1 0 2023-04-18 09:45:14.959
!MESSAGE Run Configuration_PL1 in C:/Users/benja/Documents/CNAM/RCP105-Modelisation-optimisation-complexite-et-algorithmes/Projet-Optiball/CPLEX/RCP101_RO_GALLIER_ELABDALAOUI
!SESSION 2023-04-18 09:46:33.390 -----------------------------------------------
eclipse.buildId=unknown
java.fullversion=8.0.5.41 - pwa6480sr5fp41-20190919_01(SR5 FP41)
JRE 1.8.0 Windows 10 amd64-64-Bit Compressed References 20190911_427071 (JIT enabled, AOT enabled)
OpenJ9   - d581d49
OMR      - ca4db84
IBM      - 5cfdf9c
BootLoader constants: OS=win32, ARCH=x86_64, WS=win32, NL=fr_FR
Command-line arguments:  -clean -nl fr_FR -configuration C:\Users\benja\Documents\CNAM\RCP105-Modelisation-optimisation-complexite-et-algorithmes\Projet-Optiball\CPLEX\.metadata\workspace_oplrun

!ENTRY ilog.odms.ide.opllang.remote 1 0 2023-04-18 09:46:33.399
!MESSAGE Run Configuration_PL1 in C:/Users/benja/Documents/CNAM/RCP105-Modelisation-optimisation-complexite-et-algorithmes/Projet-Optiball/CPLEX/RCP101_RO_GALLIER_ELABDALAOUI
!SESSION 2023-04-18 09:50:44.006 -----------------------------------------------
eclipse.buildId=unknown
java.fullversion=8.0.5.41 - pwa6480sr5fp41-20190919_01(SR5 FP41)
JRE 1.8.0 Windows 10 amd64-64-Bit Compressed References 20190911_427071 (JIT enabled, AOT enabled)
OpenJ9   - d581d49
OMR      - ca4db84
IBM      - 5cfdf9c
BootLoader constants: OS=win32, ARCH=x86_64, WS=win32, NL=fr_FR
Command-line arguments:  -clean -nl fr_FR -configuration C:\Users\benja\Documents\CNAM\RCP105-Modelisation-optimisation-complexite-et-algorithmes\Projet-Optiball\CPLEX\.metadata\workspace_oplrun

!ENTRY ilog.odms.ide.opllang.remote 1 0 2023-04-18 09:50:44.015
!MESSAGE Run Configuration_PL1 in C:/Users/benja/Documents/CNAM/RCP105-Modelisation-optimisation-complexite-et-algorithmes/Projet-Optiball/CPLEX/RCP101_RO_GALLIER_ELABDALAOUI
!SESSION 2023-04-18 09:53:58.995 -----------------------------------------------
eclipse.buildId=unknown
java.fullversion=8.0.5.41 - pwa6480sr5fp41-20190919_01(SR5 FP41)
JRE 1.8.0 Windows 10 amd64-64-Bit Compressed References 20190911_427071 (JIT enabled, AOT enabled)
OpenJ9   - d581d49
OMR      - ca4db84
IBM      - 5cfdf9c
BootLoader constants: OS=win32, ARCH=x86_64, WS=win32, NL=fr_FR
Command-line arguments:  -clean -nl fr_FR -configuration C:\Users\benja\Documents\CNAM\RCP105-Modelisation-optimisation-complexite-et-algorithmes\Projet-Optiball\CPLEX\.metadata\workspace_oplrun

!ENTRY ilog.odms.ide.opllang.remote 1 0 2023-04-18 09:53:59.005
!MESSAGE Run Configuration_PL2 in C:/Users/benja/Documents/CNAM/RCP105-Modelisation-optimisation-complexite-et-algorithmes/Projet-Optiball/CPLEX/RCP101_RO_GALLIER_ELABDALAOUI

!ENTRY ilog.odms.ide.opllang.remote 4 0 2023-04-18 09:53:59.068
!MESSAGE load failed
!STACK 1
org.eclipse.core.runtime.CoreException: load failed
	at ilog.odms.ide.opllang.remote.IloOplRunConfigRunner.doSetUpModel(IloOplRunConfigRunner.java:146)
	at ilog.odms.ide.opllang.remote.IloOplRunConfigRunner.doRun(IloOplRunConfigRunner.java:374)
	at ilog.odms.ide.opllang.run.IloAbstractRunShell$2.run(IloAbstractRunShell.java:1596)
	at org.eclipse.core.internal.jobs.Worker.run(Worker.java:56)
Caused by: ilog.concert.IloException: La configuration d'exécution "Configuration_PL2" n'est pas valide.
	at ilog.opl.opl_lang_wrapJNI.IloOplRunConfiguration_getCppOplModel(Native Method)
	at ilog.opl.IloOplRunConfiguration.getCppOplModel(IloOplRunConfiguration.java:226)
	at ilog.opl.IloOplRunConfiguration.getOplModel(IloOplRunConfiguration.java:116)
	at ilog.odms.ide.opllang.remote.IloOplRunConfigRunner.doSetUpModel(IloOplRunConfigRunner.java:140)
	... 3 more
!SUBENTRY 1 ilog.odms.ide.opllang.remote 4 0 2023-04-18 09:53:59.069
!MESSAGE load failed
!STACK 0
ilog.concert.IloException: La configuration d'exécution "Configuration_PL2" n'est pas valide.
	at ilog.opl.opl_lang_wrapJNI.IloOplRunConfiguration_getCppOplModel(Native Method)
	at ilog.opl.IloOplRunConfiguration.getCppOplModel(IloOplRunConfiguration.java:226)
	at ilog.opl.IloOplRunConfiguration.getOplModel(IloOplRunConfiguration.java:116)
	at ilog.odms.ide.opllang.remote.IloOplRunConfigRunner.doSetUpModel(IloOplRunConfigRunner.java:140)
	at ilog.odms.ide.opllang.remote.IloOplRunConfigRunner.doRun(IloOplRunConfigRunner.java:374)
	at ilog.odms.ide.opllang.run.IloAbstractRunShell$2.run(IloAbstractRunShell.java:1596)
	at org.eclipse.core.internal.jobs.Worker.run(Worker.java:56)
!SESSION 2023-04-18 09:54:13.183 -----------------------------------------------
eclipse.buildId=unknown
java.fullversion=8.0.5.41 - pwa6480sr5fp41-20190919_01(SR5 FP41)
JRE 1.8.0 Windows 10 amd64-64-Bit Compressed References 20190911_427071 (JIT enabled, AOT enabled)
OpenJ9   - d581d49
OMR      - ca4db84
IBM      - 5cfdf9c
BootLoader constants: OS=win32, ARCH=x86_64, WS=win32, NL=fr_FR
Command-line arguments:  -clean -nl fr_FR -configuration C:\Users\benja\Documents\CNAM\RCP105-Modelisation-optimisation-complexite-et-algorithmes\Projet-Optiball\CPLEX\.metadata\workspace_oplrun

!ENTRY ilog.odms.ide.opllang.remote 1 0 2023-04-18 09:54:13.195
!MESSAGE Run Configuration_PL2 in C:/Users/benja/Documents/CNAM/RCP105-Modelisation-optimisation-complexite-et-algorithmes/Projet-Optiball/CPLEX/RCP101_RO_GALLIER_ELABDALAOUI

!ENTRY ilog.odms.ide.opllang.remote 4 0 2023-04-18 09:54:13.231
!MESSAGE load failed
!STACK 1
org.eclipse.core.runtime.CoreException: load failed
	at ilog.odms.ide.opllang.remote.IloOplRunConfigRunner.doSetUpModel(IloOplRunConfigRunner.java:146)
	at ilog.odms.ide.opllang.remote.IloOplRunConfigRunner.doRun(IloOplRunConfigRunner.java:374)
	at ilog.odms.ide.opllang.run.IloAbstractRunShell$2.run(IloAbstractRunShell.java:1596)
	at org.eclipse.core.internal.jobs.Worker.run(Worker.java:56)
Caused by: ilog.concert.IloException: La configuration d'exécution "Configuration_PL2" n'est pas valide.
	at ilog.opl.opl_lang_wrapJNI.IloOplRunConfiguration_getCppOplModel(Native Method)
	at ilog.opl.IloOplRunConfiguration.getCppOplModel(IloOplRunConfiguration.java:226)
	at ilog.opl.IloOplRunConfiguration.getOplModel(IloOplRunConfiguration.java:116)
	at ilog.odms.ide.opllang.remote.IloOplRunConfigRunner.doSetUpModel(IloOplRunConfigRunner.java:140)
	... 3 more
!SUBENTRY 1 ilog.odms.ide.opllang.remote 4 0 2023-04-18 09:54:13.232
!MESSAGE load failed
!STACK 0
ilog.concert.IloException: La configuration d'exécution "Configuration_PL2" n'est pas valide.
	at ilog.opl.opl_lang_wrapJNI.IloOplRunConfiguration_getCppOplModel(Native Method)
	at ilog.opl.IloOplRunConfiguration.getCppOplModel(IloOplRunConfiguration.java:226)
	at ilog.opl.IloOplRunConfiguration.getOplModel(IloOplRunConfiguration.java:116)
	at ilog.odms.ide.opllang.remote.IloOplRunConfigRunner.doSetUpModel(IloOplRunConfigRunner.java:140)
	at ilog.odms.ide.opllang.remote.IloOplRunConfigRunner.doRun(IloOplRunConfigRunner.java:374)
	at ilog.odms.ide.opllang.run.IloAbstractRunShell$2.run(IloAbstractRunShell.java:1596)
	at org.eclipse.core.internal.jobs.Worker.run(Worker.java:56)
!SESSION 2023-04-18 09:54:27.315 -----------------------------------------------
eclipse.buildId=unknown
java.fullversion=8.0.5.41 - pwa6480sr5fp41-20190919_01(SR5 FP41)
JRE 1.8.0 Windows 10 amd64-64-Bit Compressed References 20190911_427071 (JIT enabled, AOT enabled)
OpenJ9   - d581d49
OMR      - ca4db84
IBM      - 5cfdf9c
BootLoader constants: OS=win32, ARCH=x86_64, WS=win32, NL=fr_FR
Command-line arguments:  -clean -nl fr_FR -configuration C:\Users\benja\Documents\CNAM\RCP105-Modelisation-optimisation-complexite-et-algorithmes\Projet-Optiball\CPLEX\.metadata\workspace_oplrun

!ENTRY ilog.odms.ide.opllang.remote 1 0 2023-04-18 09:54:27.322
!MESSAGE Run Configuration_PL2 in C:/Users/benja/Documents/CNAM/RCP105-Modelisation-optimisation-complexite-et-algorithmes/Projet-Optiball/CPLEX/RCP101_RO_GALLIER_ELABDALAOUI

!ENTRY ilog.odms.ide.opllang.remote 4 0 2023-04-18 09:54:27.361
!MESSAGE load failed
!STACK 1
org.eclipse.core.runtime.CoreException: load failed
	at ilog.odms.ide.opllang.remote.IloOplRunConfigRunner.doSetUpModel(IloOplRunConfigRunner.java:146)
	at ilog.odms.ide.opllang.remote.IloOplRunConfigRunner.doRun(IloOplRunConfigRunner.java:374)
	at ilog.odms.ide.opllang.run.IloAbstractRunShell$2.run(IloAbstractRunShell.java:1596)
	at org.eclipse.core.internal.jobs.Worker.run(Worker.java:56)
Caused by: ilog.concert.IloException: La configuration d'exécution "Configuration_PL2" n'est pas valide.
	at ilog.opl.opl_lang_wrapJNI.IloOplRunConfiguration_getCppOplModel(Native Method)
	at ilog.opl.IloOplRunConfiguration.getCppOplModel(IloOplRunConfiguration.java:226)
	at ilog.opl.IloOplRunConfiguration.getOplModel(IloOplRunConfiguration.java:116)
	at ilog.odms.ide.opllang.remote.IloOplRunConfigRunner.doSetUpModel(IloOplRunConfigRunner.java:140)
	... 3 more
!SUBENTRY 1 ilog.odms.ide.opllang.remote 4 0 2023-04-18 09:54:27.362
!MESSAGE load failed
!STACK 0
ilog.concert.IloException: La configuration d'exécution "Configuration_PL2" n'est pas valide.
	at ilog.opl.opl_lang_wrapJNI.IloOplRunConfiguration_getCppOplModel(Native Method)
	at ilog.opl.IloOplRunConfiguration.getCppOplModel(IloOplRunConfiguration.java:226)
	at ilog.opl.IloOplRunConfiguration.getOplModel(IloOplRunConfiguration.java:116)
	at ilog.odms.ide.opllang.remote.IloOplRunConfigRunner.doSetUpModel(IloOplRunConfigRunner.java:140)
	at ilog.odms.ide.opllang.remote.IloOplRunConfigRunner.doRun(IloOplRunConfigRunner.java:374)
	at ilog.odms.ide.opllang.run.IloAbstractRunShell$2.run(IloAbstractRunShell.java:1596)
	at org.eclipse.core.internal.jobs.Worker.run(Worker.java:56)
!SESSION 2023-04-18 09:54:59.789 -----------------------------------------------
eclipse.buildId=unknown
java.fullversion=8.0.5.41 - pwa6480sr5fp41-20190919_01(SR5 FP41)
JRE 1.8.0 Windows 10 amd64-64-Bit Compressed References 20190911_427071 (JIT enabled, AOT enabled)
OpenJ9   - d581d49
OMR      - ca4db84
IBM      - 5cfdf9c
BootLoader constants: OS=win32, ARCH=x86_64, WS=win32, NL=fr_FR
Command-line arguments:  -clean -nl fr_FR -configuration C:\Users\benja\Documents\CNAM\RCP105-Modelisation-optimisation-complexite-et-algorithmes\Projet-Optiball\CPLEX\.metadata\workspace_oplrun

!ENTRY ilog.odms.ide.opllang.remote 1 0 2023-04-18 09:54:59.798
!MESSAGE Run Configuration_PL2 in C:/Users/benja/Documents/CNAM/RCP105-Modelisation-optimisation-complexite-et-algorithmes/Projet-Optiball/CPLEX/RCP101_RO_GALLIER_ELABDALAOUI

!ENTRY ilog.odms.ide.opllang.remote 4 0 2023-04-18 09:54:59.845
!MESSAGE load failed
!STACK 1
org.eclipse.core.runtime.CoreException: load failed
	at ilog.odms.ide.opllang.remote.IloOplRunConfigRunner.doSetUpModel(IloOplRunConfigRunner.java:146)
	at ilog.odms.ide.opllang.remote.IloOplRunConfigRunner.doRun(IloOplRunConfigRunner.java:374)
	at ilog.odms.ide.opllang.run.IloAbstractRunShell$2.run(IloAbstractRunShell.java:1596)
	at org.eclipse.core.internal.jobs.Worker.run(Worker.java:56)
Caused by: ilog.concert.IloException: La configuration d'exécution "Configuration_PL2" n'est pas valide.
	at ilog.opl.opl_lang_wrapJNI.IloOplRunConfiguration_getCppOplModel(Native Method)
	at ilog.opl.IloOplRunConfiguration.getCppOplModel(IloOplRunConfiguration.java:226)
	at ilog.opl.IloOplRunConfiguration.getOplModel(IloOplRunConfiguration.java:116)
	at ilog.odms.ide.opllang.remote.IloOplRunConfigRunner.doSetUpModel(IloOplRunConfigRunner.java:140)
	... 3 more
!SUBENTRY 1 ilog.odms.ide.opllang.remote 4 0 2023-04-18 09:54:59.846
!MESSAGE load failed
!STACK 0
ilog.concert.IloException: La configuration d'exécution "Configuration_PL2" n'est pas valide.
	at ilog.opl.opl_lang_wrapJNI.IloOplRunConfiguration_getCppOplModel(Native Method)
	at ilog.opl.IloOplRunConfiguration.getCppOplModel(IloOplRunConfiguration.java:226)
	at ilog.opl.IloOplRunConfiguration.getOplModel(IloOplRunConfiguration.java:116)
	at ilog.odms.ide.opllang.remote.IloOplRunConfigRunner.doSetUpModel(IloOplRunConfigRunner.java:140)
	at ilog.odms.ide.opllang.remote.IloOplRunConfigRunner.doRun(IloOplRunConfigRunner.java:374)
	at ilog.odms.ide.opllang.run.IloAbstractRunShell$2.run(IloAbstractRunShell.java:1596)
	at org.eclipse.core.internal.jobs.Worker.run(Worker.java:56)
!SESSION 2023-04-18 09:55:15.608 -----------------------------------------------
eclipse.buildId=unknown
java.fullversion=8.0.5.41 - pwa6480sr5fp41-20190919_01(SR5 FP41)
JRE 1.8.0 Windows 10 amd64-64-Bit Compressed References 20190911_427071 (JIT enabled, AOT enabled)
OpenJ9   - d581d49
OMR      - ca4db84
IBM      - 5cfdf9c
BootLoader constants: OS=win32, ARCH=x86_64, WS=win32, NL=fr_FR
Command-line arguments:  -clean -nl fr_FR -configuration C:\Users\benja\Documents\CNAM\RCP105-Modelisation-optimisation-complexite-et-algorithmes\Projet-Optiball\CPLEX\.metadata\workspace_oplrun

!ENTRY ilog.odms.ide.opllang.remote 1 0 2023-04-18 09:55:15.615
!MESSAGE Run Configuration_PL2 in C:/Users/benja/Documents/CNAM/RCP105-Modelisation-optimisation-complexite-et-algorithmes/Projet-Optiball/CPLEX/RCP101_RO_GALLIER_ELABDALAOUI

!ENTRY ilog.odms.ide.opllang.remote 4 0 2023-04-18 09:55:15.696
!MESSAGE load failed
!STACK 1
org.eclipse.core.runtime.CoreException: load failed
	at ilog.odms.ide.opllang.remote.IloOplRunConfigRunner.doSetUpModel(IloOplRunConfigRunner.java:146)
	at ilog.odms.ide.opllang.remote.IloOplRunConfigRunner.doRun(IloOplRunConfigRunner.java:374)
	at ilog.odms.ide.opllang.run.IloAbstractRunShell$2.run(IloAbstractRunShell.java:1596)
	at org.eclipse.core.internal.jobs.Worker.run(Worker.java:56)
Caused by: ilog.concert.IloException: La configuration d'exécution "Configuration_PL2" n'est pas valide.
	at ilog.opl.opl_lang_wrapJNI.IloOplRunConfiguration_getCppOplModel(Native Method)
	at ilog.opl.IloOplRunConfiguration.getCppOplModel(IloOplRunConfiguration.java:226)
	at ilog.opl.IloOplRunConfiguration.getOplModel(IloOplRunConfiguration.java:116)
	at ilog.odms.ide.opllang.remote.IloOplRunConfigRunner.doSetUpModel(IloOplRunConfigRunner.java:140)
	... 3 more
!SUBENTRY 1 ilog.odms.ide.opllang.remote 4 0 2023-04-18 09:55:15.697
!MESSAGE load failed
!STACK 0
ilog.concert.IloException: La configuration d'exécution "Configuration_PL2" n'est pas valide.
	at ilog.opl.opl_lang_wrapJNI.IloOplRunConfiguration_getCppOplModel(Native Method)
	at ilog.opl.IloOplRunConfiguration.getCppOplModel(IloOplRunConfiguration.java:226)
	at ilog.opl.IloOplRunConfiguration.getOplModel(IloOplRunConfiguration.java:116)
	at ilog.odms.ide.opllang.remote.IloOplRunConfigRunner.doSetUpModel(IloOplRunConfigRunner.java:140)
	at ilog.odms.ide.opllang.remote.IloOplRunConfigRunner.doRun(IloOplRunConfigRunner.java:374)
	at ilog.odms.ide.opllang.run.IloAbstractRunShell$2.run(IloAbstractRunShell.java:1596)
	at org.eclipse.core.internal.jobs.Worker.run(Worker.java:56)
!SESSION 2023-04-18 09:55:38.009 -----------------------------------------------
eclipse.buildId=unknown
java.fullversion=8.0.5.41 - pwa6480sr5fp41-20190919_01(SR5 FP41)
JRE 1.8.0 Windows 10 amd64-64-Bit Compressed References 20190911_427071 (JIT enabled, AOT enabled)
OpenJ9   - d581d49
OMR      - ca4db84
IBM      - 5cfdf9c
BootLoader constants: OS=win32, ARCH=x86_64, WS=win32, NL=fr_FR
Command-line arguments:  -clean -nl fr_FR -configuration C:\Users\benja\Documents\CNAM\RCP105-Modelisation-optimisation-complexite-et-algorithmes\Projet-Optiball\CPLEX\.metadata\workspace_oplrun

!ENTRY ilog.odms.ide.opllang.remote 1 0 2023-04-18 09:55:38.018
!MESSAGE Run Configuration_PL2 in C:/Users/benja/Documents/CNAM/RCP105-Modelisation-optimisation-complexite-et-algorithmes/Projet-Optiball/CPLEX/RCP101_RO_GALLIER_ELABDALAOUI
!SESSION 2023-04-18 21:33:23.347 -----------------------------------------------
eclipse.buildId=unknown
java.fullversion=8.0.5.41 - pwa6480sr5fp41-20190919_01(SR5 FP41)
JRE 1.8.0 Windows 10 amd64-64-Bit Compressed References 20190911_427071 (JIT enabled, AOT enabled)
OpenJ9   - d581d49
OMR      - ca4db84
IBM      - 5cfdf9c
BootLoader constants: OS=win32, ARCH=x86_64, WS=win32, NL=fr_FR
Command-line arguments:  -clean -nl fr_FR -configuration C:\Users\benja\Documents\CNAM\RCP105-Modelisation-optimisation-complexite-et-algorithmes\Projet-Optiball\CPLEX\.metadata\workspace_oplrun

!ENTRY ilog.odms.ide.opllang.remote 1 0 2023-04-18 21:33:23.362
!MESSAGE Run Configuration_PL2 in C:/Users/benja/Documents/CNAM/RCP105-Modelisation-optimisation-complexite-et-algorithmes/Projet-Optiball/CPLEX/RCP101_RO_GALLIER_ELABDALAOUI
!SESSION 2023-04-18 21:46:53.841 -----------------------------------------------
eclipse.buildId=unknown
java.fullversion=8.0.5.41 - pwa6480sr5fp41-20190919_01(SR5 FP41)
JRE 1.8.0 Windows 10 amd64-64-Bit Compressed References 20190911_427071 (JIT enabled, AOT enabled)
OpenJ9   - d581d49
OMR      - ca4db84
IBM      - 5cfdf9c
BootLoader constants: OS=win32, ARCH=x86_64, WS=win32, NL=fr_FR
Command-line arguments:  -clean -nl fr_FR -configuration C:\Users\benja\Documents\CNAM\RCP105-Modelisation-optimisation-complexite-et-algorithmes\Projet-Optiball\CPLEX\.metadata\workspace_oplrun

!ENTRY ilog.odms.ide.opllang.remote 1 0 2023-04-18 21:46:53.852
!MESSAGE Run Configuration_PL2 in C:/Users/benja/Documents/CNAM/RCP105-Modelisation-optimisation-complexite-et-algorithmes/Projet-Optiball/CPLEX/RCP101_RO_GALLIER_ELABDALAOUI
!SESSION 2023-04-18 21:52:54.597 -----------------------------------------------
eclipse.buildId=unknown
java.fullversion=8.0.5.41 - pwa6480sr5fp41-20190919_01(SR5 FP41)
JRE 1.8.0 Windows 10 amd64-64-Bit Compressed References 20190911_427071 (JIT enabled, AOT enabled)
OpenJ9   - d581d49
OMR      - ca4db84
IBM      - 5cfdf9c
BootLoader constants: OS=win32, ARCH=x86_64, WS=win32, NL=fr_FR
Command-line arguments:  -clean -nl fr_FR -configuration C:\Users\benja\Documents\CNAM\RCP105-Modelisation-optimisation-complexite-et-algorithmes\Projet-Optiball\CPLEX\.metadata\workspace_oplrun

!ENTRY ilog.odms.ide.opllang.remote 1 0 2023-04-18 21:52:54.618
!MESSAGE Run Configuration_PL2 in C:/Users/benja/Documents/CNAM/RCP105-Modelisation-optimisation-complexite-et-algorithmes/Projet-Optiball/CPLEX/RCP101_RO_GALLIER_ELABDALAOUI
!SESSION 2023-04-18 22:02:08.799 -----------------------------------------------
eclipse.buildId=unknown
java.fullversion=8.0.5.41 - pwa6480sr5fp41-20190919_01(SR5 FP41)
JRE 1.8.0 Windows 10 amd64-64-Bit Compressed References 20190911_427071 (JIT enabled, AOT enabled)
OpenJ9   - d581d49
OMR      - ca4db84
IBM      - 5cfdf9c
BootLoader constants: OS=win32, ARCH=x86_64, WS=win32, NL=fr_FR
Command-line arguments:  -clean -nl fr_FR -configuration C:\Users\benja\Documents\CNAM\RCP105-Modelisation-optimisation-complexite-et-algorithmes\Projet-Optiball\CPLEX\.metadata\workspace_oplrun

!ENTRY ilog.odms.ide.opllang.remote 1 0 2023-04-18 22:02:08.828
!MESSAGE Run Configuration_PL2 in C:/Users/benja/Documents/CNAM/RCP105-Modelisation-optimisation-complexite-et-algorithmes/Projet-Optiball/CPLEX/RCP101_RO_GALLIER_ELABDALAOUI
!SESSION 2023-04-18 22:11:47.032 -----------------------------------------------
eclipse.buildId=unknown
java.fullversion=8.0.5.41 - pwa6480sr5fp41-20190919_01(SR5 FP41)
JRE 1.8.0 Windows 10 amd64-64-Bit Compressed References 20190911_427071 (JIT enabled, AOT enabled)
OpenJ9   - d581d49
OMR      - ca4db84
IBM      - 5cfdf9c
BootLoader constants: OS=win32, ARCH=x86_64, WS=win32, NL=fr_FR
Command-line arguments:  -clean -nl fr_FR -configuration C:\Users\benja\Documents\CNAM\RCP105-Modelisation-optimisation-complexite-et-algorithmes\Projet-Optiball\CPLEX\.metadata\workspace_oplrun

!ENTRY ilog.odms.ide.opllang.remote 1 0 2023-04-18 22:11:47.045
!MESSAGE Run Configuration_PL1 in C:/Users/benja/Documents/CNAM/RCP105-Modelisation-optimisation-complexite-et-algorithmes/Projet-Optiball/CPLEX/RCP101_RO_GALLIER_ELABDALAOUI
!SESSION 2023-04-18 22:36:25.954 -----------------------------------------------
eclipse.buildId=unknown
java.fullversion=8.0.5.41 - pwa6480sr5fp41-20190919_01(SR5 FP41)
JRE 1.8.0 Windows 10 amd64-64-Bit Compressed References 20190911_427071 (JIT enabled, AOT enabled)
OpenJ9   - d581d49
OMR      - ca4db84
IBM      - 5cfdf9c
BootLoader constants: OS=win32, ARCH=x86_64, WS=win32, NL=fr_FR
Command-line arguments:  -clean -nl fr_FR -configuration C:\Users\benja\Documents\CNAM\RCP105-Modelisation-optimisation-complexite-et-algorithmes\Projet-Optiball\CPLEX\.metadata\workspace_oplrun

!ENTRY ilog.odms.ide.opllang.remote 1 0 2023-04-18 22:36:25.968
!MESSAGE Run Configuration_PL2 in C:/Users/benja/Documents/CNAM/RCP105-Modelisation-optimisation-complexite-et-algorithmes/Projet-Optiball/CPLEX/RCP101_RO_GALLIER_ELABDALAOUI
!SESSION 2023-04-18 22:38:54.445 -----------------------------------------------
eclipse.buildId=unknown
java.fullversion=8.0.5.41 - pwa6480sr5fp41-20190919_01(SR5 FP41)
JRE 1.8.0 Windows 10 amd64-64-Bit Compressed References 20190911_427071 (JIT enabled, AOT enabled)
OpenJ9   - d581d49
OMR      - ca4db84
IBM      - 5cfdf9c
BootLoader constants: OS=win32, ARCH=x86_64, WS=win32, NL=fr_FR
Command-line arguments:  -clean -nl fr_FR -configuration C:\Users\benja\Documents\CNAM\RCP105-Modelisation-optimisation-complexite-et-algorithmes\Projet-Optiball\CPLEX\.metadata\workspace_oplrun

!ENTRY ilog.odms.ide.opllang.remote 1 0 2023-04-18 22:38:54.462
!MESSAGE Run Configuration_PL2 in C:/Users/benja/Documents/CNAM/RCP105-Modelisation-optimisation-complexite-et-algorithmes/Projet-Optiball/CPLEX/RCP101_RO_GALLIER_ELABDALAOUI
!SESSION 2023-04-18 22:51:30.795 -----------------------------------------------
eclipse.buildId=unknown
java.fullversion=8.0.5.41 - pwa6480sr5fp41-20190919_01(SR5 FP41)
JRE 1.8.0 Windows 10 amd64-64-Bit Compressed References 20190911_427071 (JIT enabled, AOT enabled)
OpenJ9   - d581d49
OMR      - ca4db84
IBM      - 5cfdf9c
BootLoader constants: OS=win32, ARCH=x86_64, WS=win32, NL=fr_FR
Command-line arguments:  -clean -nl fr_FR -configuration C:\Users\benja\Documents\CNAM\RCP105-Modelisation-optimisation-complexite-et-algorithmes\Projet-Optiball\CPLEX\.metadata\workspace_oplrun

!ENTRY ilog.odms.ide.opllang.remote 1 0 2023-04-18 22:51:30.819
!MESSAGE Run Configuration_PL2 in C:/Users/benja/Documents/CNAM/RCP105-Modelisation-optimisation-complexite-et-algorithmes/Projet-Optiball/CPLEX/RCP101_RO_GALLIER_ELABDALAOUI
!SESSION 2023-04-18 22:59:46.870 -----------------------------------------------
eclipse.buildId=unknown
java.fullversion=8.0.5.41 - pwa6480sr5fp41-20190919_01(SR5 FP41)
JRE 1.8.0 Windows 10 amd64-64-Bit Compressed References 20190911_427071 (JIT enabled, AOT enabled)
OpenJ9   - d581d49
OMR      - ca4db84
IBM      - 5cfdf9c
BootLoader constants: OS=win32, ARCH=x86_64, WS=win32, NL=fr_FR
Command-line arguments:  -clean -nl fr_FR -configuration C:\Users\benja\Documents\CNAM\RCP105-Modelisation-optimisation-complexite-et-algorithmes\Projet-Optiball\CPLEX\.metadata\workspace_oplrun

!ENTRY ilog.odms.ide.opllang.remote 1 0 2023-04-18 22:59:46.883
!MESSAGE Run Configuration_PL1 in C:/Users/benja/Documents/CNAM/RCP105-Modelisation-optimisation-complexite-et-algorithmes/Projet-Optiball/CPLEX/RCP101_RO_GALLIER_ELABDALAOUI
